<?xml version="1.0" encoding="UTF-8"?>
<!-- Generated by org.testng.reporters.JUnitReportReporter -->
<testsuite skipped="1" hostname="superadmins-MacBook-Pro-41.local" name="datadriventesting.DataDrivenTest_AddNewEmployee" tests="1" failures="0" timestamp="2020-04-11T21:35:28 IST" time="0.000" errors="0">
  <testcase name="POSTNewEmployee" time="0.000" classname="datadriventesting.DataDrivenTest_AddNewEmployee">
    <skipped/>
  </testcase> <!-- POSTNewEmployee -->
  <system-out/>
</testsuite> <!-- datadriventesting.DataDrivenTest_AddNewEmployee -->
